
Showing logs for build [32mcb-kubecd-environment-pr-211-3-wjrc4-1[0m stage [32mfrom-build-pack[0m and container [32mstep-credential-initializer-dvn5m[0m
{"level":"info","ts":1588128514.6404438,"logger":"fallback-logger","caller":"logging/config.go:69","msg":"Fetch GitHub commit ID from kodata failed: open /var/run/ko/refs/heads/0.8.0-ns-support: no such file or directory"}
{"level":"info","ts":1588128514.6407118,"logger":"fallback-logger","caller":"creds-init/main.go:40","msg":"Credentials initialized."}

Showing logs for build [32mcb-kubecd-environment-pr-211-3-wjrc4-1[0m stage [32mfrom-build-pack[0m and container [32mstep-working-dir-initializer-rq77z[0m
{"level":"info","ts":1588128515.6396809,"logger":"fallback-logger","caller":"logging/config.go:69","msg":"Fetch GitHub commit ID from kodata failed: open /var/run/ko/HEAD: no such file or directory"}
{"level":"info","ts":1588128515.6405332,"logger":"fallback-logger","caller":"bash/main.go:64","msg":"Successfully executed command \"sh -c mkdir -p /workspace/source\"; output "}

Showing logs for build [32mcb-kubecd-environment-pr-211-3-wjrc4-1[0m stage [32mfrom-build-pack[0m and container [32mstep-place-tools[0m

Showing logs for build [32mcb-kubecd-environment-pr-211-3-wjrc4-1[0m stage [32mfrom-build-pack[0m and container [32mstep-git-source-cb-kubecd-environment-pr-211-3-wjrc4-kj9rg[0m
{"level":"info","ts":1588128518.736878,"logger":"fallback-logger","caller":"logging/config.go:69","msg":"Fetch GitHub commit ID from kodata failed: open /var/run/ko/refs/heads/0.8.0-ns-support: no such file or directory"}
{"level":"info","ts":1588128518.9381337,"logger":"fallback-logger","caller":"git/git.go:103","msg":"Successfully cloned https://github.com/cb-kubecd/environment-pr-211-3-boot-eks-staging.git @ master in path /workspace/source"}

Showing logs for build [32mcb-kubecd-environment-pr-211-3-wjrc4-1[0m stage [32mfrom-build-pack[0m and container [32mstep-git-merge[0m
Using SHAs from PULL_REFS=master:b9ffa6053eb147e7091156486cef5e2d0259ee05,1:3d76cf78aeb9ac72acf9e1166c1ed6207e9d47f6
DEBUG: LC_ALL=C JX_LOG_LEVEL=error git fetch origin --unshallow 3d76cf78aeb9ac72acf9e1166c1ed6207e9d47f6: b9ffa6053eb147e7091156486cef5e2d0259ee05:
DEBUG: ran git fetch --unshallow origin 3d76cf78aeb9ac72acf9e1166c1ed6207e9d47f6: b9ffa6053eb147e7091156486cef5e2d0259ee05: in 
DEBUG: LC_ALL=C JX_LOG_LEVEL=error git branch
DEBUG: LC_ALL=C JX_LOG_LEVEL=error git checkout master
DEBUG: ran git checkout master in 
DEBUG: LC_ALL=C JX_LOG_LEVEL=error git reset --hard b9ffa6053eb147e7091156486cef5e2d0259ee05
DEBUG: ran git reset --hard b9ffa6053eb147e7091156486cef5e2d0259ee05 in 
DEBUG: LC_ALL=C JX_LOG_LEVEL=error git clean -fd .
DEBUG: ran clean --force -d . in 
DEBUG: LC_ALL=C JX_LOG_LEVEL=error git merge 3d76cf78aeb9ac72acf9e1166c1ed6207e9d47f6
DEBUG: ran git merge 3d76cf78aeb9ac72acf9e1166c1ed6207e9d47f6 in 
DEBUG: JX_LOG_LEVEL=error LC_ALL=C git log --format=%H%x1f%an%x1f%ae%x1f%cn%x1f%ce%x1f%s%n%b%x1e b9ffa6053eb147e7091156486cef5e2d0259ee05..HEAD
Merged SHA 3d76cf78aeb9ac72acf9e1166c1ed6207e9d47f6 with commit message 'chore: Promote bdd-spring-1588128037 to version 0.0.1' into base branch master

Showing logs for build [32mcb-kubecd-environment-pr-211-3-wjrc4-1[0m stage [32mfrom-build-pack[0m and container [32mstep-build-helm-build[0m
WARNING: No $CHART_REPOSITORY defined so using the default value of: http://jenkins-x-chartmuseum:8080
Adding missing Helm repo: storage.googleapis.com https://storage.googleapis.com/chartmuseum.jenkins-x.io
WARNING: No secrets found on "helm/repos" due: reading the secret "helm/repos" from vault: no secret "helm/repos" not found in vault
Read credentials for https://storage.googleapis.com/chartmuseum.jenkins-x.io from vault helm/repos
Successfully added Helm repository storage.googleapis.com.
Adding missing Helm repo: jenkins-x-chartmuseum http://jenkins-x-chartmuseum:8080
WARNING: No secrets found on "helm/repos" due: reading the secret "helm/repos" from vault: no secret "helm/repos" not found in vault
Read credentials for http://jenkins-x-chartmuseum:8080 from vault helm/repos
Successfully added Helm repository jenkins-x-chartmuseum.
WARNING: No $CHART_REPOSITORY defined so using the default value of: http://jenkins-x-chartmuseum:8080
Adding missing Helm repo: chartmuseum.jenkins-x.io http://chartmuseum.jenkins-x.io
WARNING: No secrets found on "helm/repos" due: reading the secret "helm/repos" from vault: no secret "helm/repos" not found in vault
Read credentials for http://chartmuseum.jenkins-x.io from vault helm/repos
Successfully added Helm repository chartmuseum.jenkins-x.io.
