
Showing logs for build [32mcb-kubecd-environment-pr-211-3-2vtkf-1[0m stage [32mfrom-build-pack[0m and container [32mstep-credential-initializer-px56c[0m
{"level":"info","ts":1588132817.9717443,"logger":"fallback-logger","caller":"logging/config.go:69","msg":"Fetch GitHub commit ID from kodata failed: open /var/run/ko/refs/heads/0.8.0-ns-support: no such file or directory"}
{"level":"info","ts":1588132817.9719992,"logger":"fallback-logger","caller":"creds-init/main.go:40","msg":"Credentials initialized."}

Showing logs for build [32mcb-kubecd-environment-pr-211-3-2vtkf-1[0m stage [32mfrom-build-pack[0m and container [32mstep-working-dir-initializer-szh7p[0m
{"level":"info","ts":1588132819.3075778,"logger":"fallback-logger","caller":"logging/config.go:69","msg":"Fetch GitHub commit ID from kodata failed: open /var/run/ko/HEAD: no such file or directory"}
{"level":"info","ts":1588132819.3084939,"logger":"fallback-logger","caller":"bash/main.go:64","msg":"Successfully executed command \"sh -c mkdir -p /workspace/source\"; output "}

Showing logs for build [32mcb-kubecd-environment-pr-211-3-2vtkf-1[0m stage [32mfrom-build-pack[0m and container [32mstep-place-tools[0m

Showing logs for build [32mcb-kubecd-environment-pr-211-3-2vtkf-1[0m stage [32mfrom-build-pack[0m and container [32mstep-git-source-cb-kubecd-environment-pr-211-3-2vtkf-2f2dd[0m
{"level":"info","ts":1588132824.3831677,"logger":"fallback-logger","caller":"logging/config.go:69","msg":"Fetch GitHub commit ID from kodata failed: open /var/run/ko/refs/heads/0.8.0-ns-support: no such file or directory"}
{"level":"info","ts":1588132824.5891163,"logger":"fallback-logger","caller":"git/git.go:103","msg":"Successfully cloned https://github.com/cb-kubecd/environment-pr-211-3-boot-eks-staging.git @ master in path /workspace/source"}

Showing logs for build [32mcb-kubecd-environment-pr-211-3-2vtkf-1[0m stage [32mfrom-build-pack[0m and container [32mstep-git-merge[0m
Using SHAs from PULL_REFS=master:2f1866b0212edcd4ce1f003f6c1b006d66ae3979,3:28fec81794abb495dc1709eee202acfba7cbad63
DEBUG: LC_ALL=C JX_LOG_LEVEL=error git fetch origin --unshallow 28fec81794abb495dc1709eee202acfba7cbad63: 2f1866b0212edcd4ce1f003f6c1b006d66ae3979:
DEBUG: ran git fetch --unshallow origin 28fec81794abb495dc1709eee202acfba7cbad63: 2f1866b0212edcd4ce1f003f6c1b006d66ae3979: in 
DEBUG: LC_ALL=C JX_LOG_LEVEL=error git branch
DEBUG: LC_ALL=C JX_LOG_LEVEL=error git checkout master
DEBUG: ran git checkout master in 
DEBUG: LC_ALL=C JX_LOG_LEVEL=error git reset --hard 2f1866b0212edcd4ce1f003f6c1b006d66ae3979
DEBUG: ran git reset --hard 2f1866b0212edcd4ce1f003f6c1b006d66ae3979 in 
DEBUG: JX_LOG_LEVEL=error LC_ALL=C git clean -fd .
DEBUG: ran clean --force -d . in 
DEBUG: LC_ALL=C JX_LOG_LEVEL=error git merge 28fec81794abb495dc1709eee202acfba7cbad63
DEBUG: ran git merge 28fec81794abb495dc1709eee202acfba7cbad63 in 
DEBUG: JX_LOG_LEVEL=error LC_ALL=C git log --format=%H%x1f%an%x1f%ae%x1f%cn%x1f%ce%x1f%s%n%b%x1e 2f1866b0212edcd4ce1f003f6c1b006d66ae3979..HEAD
Merged SHA 28fec81794abb495dc1709eee202acfba7cbad63 with commit message 'chore: Promote bdd-gh-1588129711 to version 0.0.1' into base branch master

Showing logs for build [32mcb-kubecd-environment-pr-211-3-2vtkf-1[0m stage [32mfrom-build-pack[0m and container [32mstep-build-helm-build[0m
WARNING: No $CHART_REPOSITORY defined so using the default value of: http://jenkins-x-chartmuseum:8080
Waiting for KV secrets engine to be ready for write...
Adding missing Helm repo: storage.googleapis.com https://storage.googleapis.com/chartmuseum.jenkins-x.io
WARNING: No secrets found on "helm/repos" due: reading the secret "helm/repos" from vault: no secret "helm/repos" not found in vault
Read credentials for https://storage.googleapis.com/chartmuseum.jenkins-x.io from vault helm/repos
Successfully added Helm repository storage.googleapis.com.
Adding missing Helm repo: jenkins-x-chartmuseum http://jenkins-x-chartmuseum:8080
WARNING: No secrets found on "helm/repos" due: reading the secret "helm/repos" from vault: no secret "helm/repos" not found in vault
Read credentials for http://jenkins-x-chartmuseum:8080 from vault helm/repos
Successfully added Helm repository jenkins-x-chartmuseum.
WARNING: No $CHART_REPOSITORY defined so using the default value of: http://jenkins-x-chartmuseum:8080
Adding missing Helm repo: chartmuseum.jenkins-x.io http://chartmuseum.jenkins-x.io
WARNING: No secrets found on "helm/repos" due: reading the secret "helm/repos" from vault: no secret "helm/repos" not found in vault
Read credentials for http://chartmuseum.jenkins-x.io from vault helm/repos
Successfully added Helm repository chartmuseum.jenkins-x.io.
