
Showing logs for build [32mcb-kubecd-environment-pr-211-3-7tptv-1[0m stage [32mfrom-build-pack[0m and container [32mstep-credential-initializer-clmxk[0m
{"level":"info","ts":1588135582.1872125,"logger":"fallback-logger","caller":"logging/config.go:69","msg":"Fetch GitHub commit ID from kodata failed: open /var/run/ko/refs/heads/0.8.0-ns-support: no such file or directory"}
{"level":"info","ts":1588135582.1875234,"logger":"fallback-logger","caller":"creds-init/main.go:40","msg":"Credentials initialized."}

Showing logs for build [32mcb-kubecd-environment-pr-211-3-7tptv-1[0m stage [32mfrom-build-pack[0m and container [32mstep-working-dir-initializer-zx2wj[0m
{"level":"info","ts":1588135582.6860886,"logger":"fallback-logger","caller":"logging/config.go:69","msg":"Fetch GitHub commit ID from kodata failed: open /var/run/ko/HEAD: no such file or directory"}
{"level":"info","ts":1588135582.6870034,"logger":"fallback-logger","caller":"bash/main.go:64","msg":"Successfully executed command \"sh -c mkdir -p /workspace/source\"; output "}

Showing logs for build [32mcb-kubecd-environment-pr-211-3-7tptv-1[0m stage [32mfrom-build-pack[0m and container [32mstep-place-tools[0m

Showing logs for build [32mcb-kubecd-environment-pr-211-3-7tptv-1[0m stage [32mfrom-build-pack[0m and container [32mstep-git-source-cb-kubecd-environment-pr-211-3-7tptv-f5h5g[0m
{"level":"info","ts":1588135585.8141065,"logger":"fallback-logger","caller":"logging/config.go:69","msg":"Fetch GitHub commit ID from kodata failed: open /var/run/ko/refs/heads/0.8.0-ns-support: no such file or directory"}
{"level":"info","ts":1588135586.0290544,"logger":"fallback-logger","caller":"git/git.go:103","msg":"Successfully cloned https://github.com/cb-kubecd/environment-pr-211-3-boot-eks-staging.git @ master in path /workspace/source"}

Showing logs for build [32mcb-kubecd-environment-pr-211-3-7tptv-1[0m stage [32mfrom-build-pack[0m and container [32mstep-git-merge[0m
Using SHAs from PULL_REFS=master:a704e91a6dfe9c4c00f7cb252787aab1bff548e4,4:c38729bcd732a8014c07f5b4745703a07f0d1e7b
DEBUG: LC_ALL=C JX_LOG_LEVEL=error git fetch origin --unshallow c38729bcd732a8014c07f5b4745703a07f0d1e7b: a704e91a6dfe9c4c00f7cb252787aab1bff548e4:
DEBUG: ran git fetch --unshallow origin c38729bcd732a8014c07f5b4745703a07f0d1e7b: a704e91a6dfe9c4c00f7cb252787aab1bff548e4: in 
DEBUG: LC_ALL=C JX_LOG_LEVEL=error git branch
DEBUG: JX_LOG_LEVEL=error LC_ALL=C git checkout master
DEBUG: ran git checkout master in 
DEBUG: JX_LOG_LEVEL=error LC_ALL=C git reset --hard a704e91a6dfe9c4c00f7cb252787aab1bff548e4
DEBUG: ran git reset --hard a704e91a6dfe9c4c00f7cb252787aab1bff548e4 in 
DEBUG: LC_ALL=C JX_LOG_LEVEL=error git clean -fd .
DEBUG: ran clean --force -d . in 
DEBUG: LC_ALL=C JX_LOG_LEVEL=error git merge c38729bcd732a8014c07f5b4745703a07f0d1e7b
DEBUG: ran git merge c38729bcd732a8014c07f5b4745703a07f0d1e7b in 
DEBUG: LC_ALL=C JX_LOG_LEVEL=error git log --format=%H%x1f%an%x1f%ae%x1f%cn%x1f%ce%x1f%s%n%b%x1e a704e91a6dfe9c4c00f7cb252787aab1bff548e4..HEAD
Merged SHA c38729bcd732a8014c07f5b4745703a07f0d1e7b with commit message 'chore: Promote bdd-sbhg-1588129711 to version 0.0.1' into base branch master

Showing logs for build [32mcb-kubecd-environment-pr-211-3-7tptv-1[0m stage [32mfrom-build-pack[0m and container [32mstep-build-helm-build[0m
WARNING: No $CHART_REPOSITORY defined so using the default value of: http://jenkins-x-chartmuseum:8080
Adding missing Helm repo: storage.googleapis.com https://storage.googleapis.com/chartmuseum.jenkins-x.io
WARNING: No secrets found on "helm/repos" due: reading the secret "helm/repos" from vault: no secret "helm/repos" not found in vault
Read credentials for https://storage.googleapis.com/chartmuseum.jenkins-x.io from vault helm/repos
Successfully added Helm repository storage.googleapis.com.
Adding missing Helm repo: jenkins-x-chartmuseum http://jenkins-x-chartmuseum:8080
WARNING: No secrets found on "helm/repos" due: reading the secret "helm/repos" from vault: no secret "helm/repos" not found in vault
Read credentials for http://jenkins-x-chartmuseum:8080 from vault helm/repos
Successfully added Helm repository jenkins-x-chartmuseum.
WARNING: No $CHART_REPOSITORY defined so using the default value of: http://jenkins-x-chartmuseum:8080
Adding missing Helm repo: chartmuseum.jenkins-x.io http://chartmuseum.jenkins-x.io
WARNING: No secrets found on "helm/repos" due: reading the secret "helm/repos" from vault: no secret "helm/repos" not found in vault
Read credentials for http://chartmuseum.jenkins-x.io from vault helm/repos
Successfully added Helm repository chartmuseum.jenkins-x.io.
